{
  "stats": {
    "suites": 3,
    "tests": 9,
    "passes": 9,
    "pending": 0,
    "failures": 0,
    "start": "2021-05-17T21:18:43.204Z",
    "end": "2021-05-17T21:20:45.995Z",
    "duration": 62333,
    "testsRegistered": 9,
    "passPercent": 100,
    "pendingPercent": 0,
    "other": 0,
    "hasOther": false,
    "skipped": 0,
    "hasSkipped": false
  },
  "results": [
    {
      "uuid": "2076dfef-c7c2-4020-892a-0d6be592b9c6",
      "title": "",
      "fullFile": "cypress/integration/tests/vet_consultas.js",
      "file": "cypress/integration/tests/vet_consultas.js",
      "beforeHooks": [],
      "afterHooks": [],
      "tests": [],
      "suites": [
        {
          "uuid": "3ef9989f-c410-4e21-903b-c33089ed49bc",
          "title": "Caso de Teste: Verificar que as páginas do site do ConectePet estão funcionando e apresentam o contéudo correto.",
          "fullFile": "",
          "file": "",
          "beforeHooks": [],
          "afterHooks": [],
          "tests": [
            {
              "title": "Cenário: Testar registro e exclusão de consulta. ",
              "fullTitle": "Caso de Teste: Verificar que as páginas do site do ConectePet estão funcionando e apresentam o contéudo correto. Cenário: Testar registro e exclusão de consulta. ",
              "timedOut": null,
              "duration": 19918,
              "state": "passed",
              "speed": "slow",
              "pass": true,
              "fail": false,
              "pending": false,
              "context": null,
              "code": "cy.visit('http://localhost:3000/');\ncy.get('#textfield-email').clear();\ncy.get('#textfield-senha').clear();\ncy.get('#textfield-email').type(userMail);\ncy.get('#textfield-senha').type(userPass);\ncy.get('#button-entrar').click();\ncy.get('#menu-consultas').click();\ncy.get('#button-agendar-consulta').click();\ncy.get('#email').type('jon@gmail.com');\ncy.get('#search').click();\ncy.get('#snackbar').should('contain.text', petMessage);\ncy.get('#pet').click();\ncy.get('#menu-pet > .MuiPaper-root > .MuiList-root > [tabindex=\"0\"]').click();\ncy.get('.MuiButton-containedPrimary').click();\ncy.get('#snackbar').should('contain.text', successMessage);\ncy.get('.MuiButton-containedSecondary').click();\ncy.get('#pet-nome-0').should('contain.text', 'Garfield');\ncy.get('#button-excluir-0').click();\ncy.get('#button-confirmar').click();\ncy.get('#sem-consulta').should('contain.text', 'Nenhuma consulta encontrada!');",
              "err": {},
              "uuid": "9d826b1f-f6c3-41f1-a47c-ab3f330b5c7b",
              "parentUUID": "3ef9989f-c410-4e21-903b-c33089ed49bc",
              "isHook": false,
              "skipped": false
            }
          ],
          "suites": [],
          "passes": [
            "9d826b1f-f6c3-41f1-a47c-ab3f330b5c7b"
          ],
          "failures": [],
          "pending": [],
          "skipped": [],
          "duration": 19918,
          "root": false,
          "rootEmpty": false,
          "_timeout": 2000
        }
      ],
      "passes": [],
      "failures": [],
      "pending": [],
      "skipped": [],
      "duration": 0,
      "root": true,
      "rootEmpty": true,
      "_timeout": 2000
    },
    {
      "uuid": "ba8e56e2-595d-4b58-83df-05ce370d5dc8",
      "title": "",
      "fullFile": "cypress/integration/tests/vet_vacinas.js",
      "file": "cypress/integration/tests/vet_vacinas.js",
      "beforeHooks": [],
      "afterHooks": [],
      "tests": [],
      "suites": [
        {
          "uuid": "69070755-139c-4f13-aebd-a69b20cf6120",
          "title": "Caso de Teste: Verificar que as páginas do site do ConectePet estão funcionando e apresentam o contéudo correto.",
          "fullFile": "",
          "file": "",
          "beforeHooks": [],
          "afterHooks": [],
          "tests": [
            {
              "title": "Cenário: Testar registro e exclusão de vacina. ",
              "fullTitle": "Caso de Teste: Verificar que as páginas do site do ConectePet estão funcionando e apresentam o contéudo correto. Cenário: Testar registro e exclusão de vacina. ",
              "timedOut": null,
              "duration": 18177,
              "state": "passed",
              "speed": "slow",
              "pass": true,
              "fail": false,
              "pending": false,
              "context": null,
              "code": "cy.visit('http://localhost:3000/');\ncy.get('#textfield-email').clear();\ncy.get('#textfield-senha').clear();\ncy.get('#textfield-email').type(userMail);\ncy.get('#textfield-senha').type(userPass);\ncy.get('#button-entrar').click();\ncy.get('#button-registrar-vacina').click();\ncy.get('#email').type('jon@gmail.com');\ncy.get('#search').click();\ncy.get('#snackbar').should('contain.text', petMessage);\ncy.get('#pet').click();\ncy.get('#menu-pet > .MuiPaper-root > .MuiList-root > [tabindex=\"0\"]').click();\ncy.get('#vacina').type('Polivalente');\ncy.get('#fabricante').type('Pfizer');\ncy.get('.MuiButton-containedPrimary').click();\ncy.get('#snackbar').should('contain.text', successMessage);\ncy.get('.MuiButton-containedSecondary').click();\ncy.get('#cell-vacina-0').should('contain.text', 'Polivalente');\ncy.get('#button-excluir-0').click();\ncy.get('#button-confirmar').click();\ncy.get('#no-vaccine').should('contain.text', 'Nenhuma vacina encontrada!');",
              "err": {},
              "uuid": "776ead11-5840-4ede-ad8d-3ad24fec0bc7",
              "parentUUID": "69070755-139c-4f13-aebd-a69b20cf6120",
              "isHook": false,
              "skipped": false
            },
            {
              "title": "Cenário: Testar pet não encontrado durante registro de vacina. ",
              "fullTitle": "Caso de Teste: Verificar que as páginas do site do ConectePet estão funcionando e apresentam o contéudo correto. Cenário: Testar pet não encontrado durante registro de vacina. ",
              "timedOut": null,
              "duration": 6361,
              "state": "passed",
              "speed": "slow",
              "pass": true,
              "fail": false,
              "pending": false,
              "context": null,
              "code": "cy.visit('http://localhost:3000/');\ncy.get('#textfield-email').clear();\ncy.get('#textfield-senha').clear();\ncy.get('#textfield-email').type(userMail);\ncy.get('#textfield-senha').type(userPass);\ncy.get('#button-entrar').click();\ncy.get('#button-registrar-vacina').click();\ncy.get('#email').type('jon1@gmail.com');\ncy.get('#search').click();\ncy.get('#snackbar').should('contain.text', noPetMessage);",
              "err": {},
              "uuid": "fa0b6efe-e579-4032-a6ea-8c7f6e723255",
              "parentUUID": "69070755-139c-4f13-aebd-a69b20cf6120",
              "isHook": false,
              "skipped": false
            }
          ],
          "suites": [],
          "passes": [
            "776ead11-5840-4ede-ad8d-3ad24fec0bc7",
            "fa0b6efe-e579-4032-a6ea-8c7f6e723255"
          ],
          "failures": [],
          "pending": [],
          "skipped": [],
          "duration": 24538,
          "root": false,
          "rootEmpty": false,
          "_timeout": 2000
        }
      ],
      "passes": [],
      "failures": [],
      "pending": [],
      "skipped": [],
      "duration": 0,
      "root": true,
      "rootEmpty": true,
      "_timeout": 2000
    },
    {
      "uuid": "0d6bd613-875b-4cdf-a7fd-2f218f137df9",
      "title": "",
      "fullFile": "cypress/integration/tests/login.js",
      "file": "cypress/integration/tests/login.js",
      "beforeHooks": [],
      "afterHooks": [],
      "tests": [],
      "suites": [
        {
          "uuid": "668f2e34-8f48-4893-bf2b-96a0d5f00d44",
          "title": "Caso de Teste: Verificar que as páginas do site do ConectePet estão funcionando e apresentam o contéudo correto.",
          "fullFile": "",
          "file": "",
          "beforeHooks": [],
          "afterHooks": [],
          "tests": [
            {
              "title": "Cenário: Entrar no site do ConectePet",
              "fullTitle": "Caso de Teste: Verificar que as páginas do site do ConectePet estão funcionando e apresentam o contéudo correto. Cenário: Entrar no site do ConectePet",
              "timedOut": null,
              "duration": 3798,
              "state": "passed",
              "speed": "slow",
              "pass": true,
              "fail": false,
              "pending": false,
              "context": null,
              "code": "cy.visit('http://localhost:3000/');\ncy.get('.makeStyles-titulo-11').should('contain.text', 'Login');",
              "err": {},
              "uuid": "af851050-719d-49c0-9fa1-7828ace08c13",
              "parentUUID": "668f2e34-8f48-4893-bf2b-96a0d5f00d44",
              "isHook": false,
              "skipped": false
            },
            {
              "title": "Cenário: Testar o form com valores de E-mail e Senha válidos. ",
              "fullTitle": "Caso de Teste: Verificar que as páginas do site do ConectePet estão funcionando e apresentam o contéudo correto. Cenário: Testar o form com valores de E-mail e Senha válidos. ",
              "timedOut": null,
              "duration": 6775,
              "state": "passed",
              "speed": "slow",
              "pass": true,
              "fail": false,
              "pending": false,
              "context": null,
              "code": "cy.visit('http://localhost:3000/');\ncy.get('#textfield-email').clear();\ncy.get('#textfield-senha').clear();\ncy.get('#textfield-email').type(userMail);\ncy.get('#textfield-senha').type(userPass);\ncy.get('#button-entrar').click();\ncy.get('#username').should('contain.text', userName);",
              "err": {},
              "uuid": "cc654a69-e08f-4346-b15b-09599d2f2f9d",
              "parentUUID": "668f2e34-8f48-4893-bf2b-96a0d5f00d44",
              "isHook": false,
              "skipped": false
            },
            {
              "title": "Cenário: Testar o form com valores de E-mail e Senha incorreta. ",
              "fullTitle": "Caso de Teste: Verificar que as páginas do site do ConectePet estão funcionando e apresentam o contéudo correto. Cenário: Testar o form com valores de E-mail e Senha incorreta. ",
              "timedOut": null,
              "duration": 2452,
              "state": "passed",
              "speed": "slow",
              "pass": true,
              "fail": false,
              "pending": false,
              "context": null,
              "code": "cy.visit('http://localhost:3000/');\ncy.get('#textfield-email').clear();\ncy.get('#textfield-senha').clear();\ncy.get('#textfield-email').type(userMail);\ncy.get('#textfield-senha').type(wrongPass);\ncy.get('#button-entrar').click();\ncy.get('#snackbar').should('contain.text', errorMessage);",
              "err": {},
              "uuid": "0460724d-ebd7-4726-b8ac-758de6763095",
              "parentUUID": "668f2e34-8f48-4893-bf2b-96a0d5f00d44",
              "isHook": false,
              "skipped": false
            },
            {
              "title": "Cenário: Testar o form com valores de E-mail e Senha vazios. ",
              "fullTitle": "Caso de Teste: Verificar que as páginas do site do ConectePet estão funcionando e apresentam o contéudo correto. Cenário: Testar o form com valores de E-mail e Senha vazios. ",
              "timedOut": null,
              "duration": 1427,
              "state": "passed",
              "speed": "slow",
              "pass": true,
              "fail": false,
              "pending": false,
              "context": null,
              "code": "cy.visit('http://localhost:3000/');\ncy.get('#textfield-email').clear();\ncy.get('#textfield-senha').clear();\ncy.get('#button-entrar').click();\ncy.get('#textfield-email-helper-text > .MuiFormHelperText-root').should('contain.text', requiredMessage);\ncy.get('#textfield-senha-helper-text > .MuiFormHelperText-root').should('contain.text', requiredMessage);",
              "err": {},
              "uuid": "9e569037-834f-42b5-86c0-e23d71235b2d",
              "parentUUID": "668f2e34-8f48-4893-bf2b-96a0d5f00d44",
              "isHook": false,
              "skipped": false
            },
            {
              "title": "Cenário: Testar o form com valores de E-mail inválido e Senha. ",
              "fullTitle": "Caso de Teste: Verificar que as páginas do site do ConectePet estão funcionando e apresentam o contéudo correto. Cenário: Testar o form com valores de E-mail inválido e Senha. ",
              "timedOut": null,
              "duration": 2108,
              "state": "passed",
              "speed": "slow",
              "pass": true,
              "fail": false,
              "pending": false,
              "context": null,
              "code": "cy.visit('http://localhost:3000/');\ncy.get('#textfield-email').clear();\ncy.get('#textfield-senha').clear();\ncy.get('#textfield-email').type(wrongMail);\ncy.get('#textfield-senha').type(userPass);\ncy.get('#button-entrar').click();\ncy.get('#textfield-email-helper-text > .MuiFormHelperText-root').should('contain.text', invalidEmailMessage);",
              "err": {},
              "uuid": "aea48d45-6f26-4e49-bf14-fcccfff22861",
              "parentUUID": "668f2e34-8f48-4893-bf2b-96a0d5f00d44",
              "isHook": false,
              "skipped": false
            },
            {
              "title": "Cenário: Testar clicar no botão Cadastrar. ",
              "fullTitle": "Caso de Teste: Verificar que as páginas do site do ConectePet estão funcionando e apresentam o contéudo correto. Cenário: Testar clicar no botão Cadastrar. ",
              "timedOut": null,
              "duration": 1317,
              "state": "passed",
              "speed": "slow",
              "pass": true,
              "fail": false,
              "pending": false,
              "context": null,
              "code": "cy.visit('http://localhost:3000/');\ncy.get('#button-cadastrar').click();\ncy.get('.MuiToolbar-root > .MuiTypography-root').should('contain.text', 'Cadastrar Usuário');",
              "err": {},
              "uuid": "03459001-8479-4d44-95f4-ceb1ff20b708",
              "parentUUID": "668f2e34-8f48-4893-bf2b-96a0d5f00d44",
              "isHook": false,
              "skipped": false
            }
          ],
          "suites": [],
          "passes": [
            "af851050-719d-49c0-9fa1-7828ace08c13",
            "cc654a69-e08f-4346-b15b-09599d2f2f9d",
            "0460724d-ebd7-4726-b8ac-758de6763095",
            "9e569037-834f-42b5-86c0-e23d71235b2d",
            "aea48d45-6f26-4e49-bf14-fcccfff22861",
            "03459001-8479-4d44-95f4-ceb1ff20b708"
          ],
          "failures": [],
          "pending": [],
          "skipped": [],
          "duration": 17877,
          "root": false,
          "rootEmpty": false,
          "_timeout": 2000
        }
      ],
      "passes": [],
      "failures": [],
      "pending": [],
      "skipped": [],
      "duration": 0,
      "root": true,
      "rootEmpty": true,
      "_timeout": 2000
    }
  ],
  "meta": {
    "mocha": {
      "version": "7.0.1"
    },
    "mochawesome": {
      "options": {
        "quiet": false,
        "reportFilename": "mochawesome",
        "saveHtml": false,
        "saveJson": true,
        "consoleReporter": "spec",
        "useInlineDiffs": false,
        "code": true
      },
      "version": "6.2.2"
    },
    "marge": {
      "options": {
        "overwrite": false,
        "html": false,
        "json": true
      },
      "version": "5.2.0"
    }
  }
}