{
  "stats": {
    "suites": 4,
    "tests": 10,
    "passes": 10,
    "pending": 0,
    "failures": 0,
    "start": "2021-05-30T17:58:28.620Z",
    "end": "2021-05-30T18:01:46.645Z",
    "duration": 86248,
    "testsRegistered": 10,
    "passPercent": 100,
    "pendingPercent": 0,
    "other": 0,
    "hasOther": false,
    "skipped": 0,
    "hasSkipped": false
  },
  "results": [
    {
      "uuid": "dd4546d7-a18b-411d-900d-224ece3f2c6b",
      "title": "",
      "fullFile": "cypress/integration/tests/login.js",
      "file": "cypress/integration/tests/login.js",
      "beforeHooks": [],
      "afterHooks": [],
      "tests": [],
      "suites": [
        {
          "uuid": "8367f0f2-7b51-4ab6-85eb-3aec8b4fd58e",
          "title": "Caso de Teste: Verificar que as páginas do site do ConectePet estão funcionando e apresentam o contéudo correto.",
          "fullFile": "",
          "file": "",
          "beforeHooks": [],
          "afterHooks": [],
          "tests": [
            {
              "title": "Cenário: Entrar no site do ConectePet",
              "fullTitle": "Caso de Teste: Verificar que as páginas do site do ConectePet estão funcionando e apresentam o contéudo correto. Cenário: Entrar no site do ConectePet",
              "timedOut": null,
              "duration": 4046,
              "state": "passed",
              "speed": "slow",
              "pass": true,
              "fail": false,
              "pending": false,
              "context": null,
              "code": "cy.visit('http://localhost:3000/');\ncy.get('.makeStyles-titulo-11').should('contain.text', 'Login');",
              "err": {},
              "uuid": "a39bf821-2d1d-4736-847a-52faa3a7cfb2",
              "parentUUID": "8367f0f2-7b51-4ab6-85eb-3aec8b4fd58e",
              "isHook": false,
              "skipped": false
            },
            {
              "title": "Cenário: Testar o form com valores de E-mail e Senha válidos. ",
              "fullTitle": "Caso de Teste: Verificar que as páginas do site do ConectePet estão funcionando e apresentam o contéudo correto. Cenário: Testar o form com valores de E-mail e Senha válidos. ",
              "timedOut": null,
              "duration": 4325,
              "state": "passed",
              "speed": "slow",
              "pass": true,
              "fail": false,
              "pending": false,
              "context": null,
              "code": "cy.visit('http://localhost:3000/');\ncy.get('#textfield-email').clear();\ncy.get('#textfield-senha').clear();\ncy.get('#textfield-email').type(userMail);\ncy.get('#textfield-senha').type(userPass);\ncy.get('#button-entrar').click();\ncy.get('#username').should('contain.text', userName);",
              "err": {},
              "uuid": "f86c489d-6f88-4080-b92d-2aa0c0b56358",
              "parentUUID": "8367f0f2-7b51-4ab6-85eb-3aec8b4fd58e",
              "isHook": false,
              "skipped": false
            },
            {
              "title": "Cenário: Testar o form com valores de E-mail e Senha incorreta. ",
              "fullTitle": "Caso de Teste: Verificar que as páginas do site do ConectePet estão funcionando e apresentam o contéudo correto. Cenário: Testar o form com valores de E-mail e Senha incorreta. ",
              "timedOut": null,
              "duration": 2720,
              "state": "passed",
              "speed": "slow",
              "pass": true,
              "fail": false,
              "pending": false,
              "context": null,
              "code": "cy.visit('http://localhost:3000/');\ncy.get('#textfield-email').clear();\ncy.get('#textfield-senha').clear();\ncy.get('#textfield-email').type(userMail);\ncy.get('#textfield-senha').type(wrongPass);\ncy.get('#button-entrar').click();\ncy.get('#snackbar').should('contain.text', errorMessage);",
              "err": {},
              "uuid": "488bca91-5c86-4d70-b77b-031985da8c1e",
              "parentUUID": "8367f0f2-7b51-4ab6-85eb-3aec8b4fd58e",
              "isHook": false,
              "skipped": false
            },
            {
              "title": "Cenário: Testar o form com valores de E-mail e Senha vazios. ",
              "fullTitle": "Caso de Teste: Verificar que as páginas do site do ConectePet estão funcionando e apresentam o contéudo correto. Cenário: Testar o form com valores de E-mail e Senha vazios. ",
              "timedOut": null,
              "duration": 1501,
              "state": "passed",
              "speed": "slow",
              "pass": true,
              "fail": false,
              "pending": false,
              "context": null,
              "code": "cy.visit('http://localhost:3000/');\ncy.get('#textfield-email').clear();\ncy.get('#textfield-senha').clear();\ncy.get('#button-entrar').click();\ncy.get('#textfield-email-helper-text > .MuiFormHelperText-root').should('contain.text', requiredMessage);\ncy.get('#textfield-senha-helper-text > .MuiFormHelperText-root').should('contain.text', requiredMessage);",
              "err": {},
              "uuid": "db44e409-9953-4dac-984b-823891b369ee",
              "parentUUID": "8367f0f2-7b51-4ab6-85eb-3aec8b4fd58e",
              "isHook": false,
              "skipped": false
            },
            {
              "title": "Cenário: Testar o form com valores de E-mail inválido e Senha. ",
              "fullTitle": "Caso de Teste: Verificar que as páginas do site do ConectePet estão funcionando e apresentam o contéudo correto. Cenário: Testar o form com valores de E-mail inválido e Senha. ",
              "timedOut": null,
              "duration": 1994,
              "state": "passed",
              "speed": "slow",
              "pass": true,
              "fail": false,
              "pending": false,
              "context": null,
              "code": "cy.visit('http://localhost:3000/');\ncy.get('#textfield-email').clear();\ncy.get('#textfield-senha').clear();\ncy.get('#textfield-email').type(wrongMail);\ncy.get('#textfield-senha').type(userPass);\ncy.get('#button-entrar').click();\ncy.get('#textfield-email-helper-text > .MuiFormHelperText-root').should('contain.text', invalidEmailMessage);",
              "err": {},
              "uuid": "73f1a14d-f55b-4e3b-a701-3b9c25b2a399",
              "parentUUID": "8367f0f2-7b51-4ab6-85eb-3aec8b4fd58e",
              "isHook": false,
              "skipped": false
            },
            {
              "title": "Cenário: Testar clicar no botão Cadastrar. ",
              "fullTitle": "Caso de Teste: Verificar que as páginas do site do ConectePet estão funcionando e apresentam o contéudo correto. Cenário: Testar clicar no botão Cadastrar. ",
              "timedOut": null,
              "duration": 951,
              "state": "passed",
              "speed": "slow",
              "pass": true,
              "fail": false,
              "pending": false,
              "context": null,
              "code": "cy.visit('http://localhost:3000/');\ncy.get('#button-cadastrar').click();\ncy.get('.MuiToolbar-root > .MuiTypography-root').should('contain.text', 'Cadastrar Usuário');",
              "err": {},
              "uuid": "f4a4ef81-7dcb-4460-91de-3036b0dd86f4",
              "parentUUID": "8367f0f2-7b51-4ab6-85eb-3aec8b4fd58e",
              "isHook": false,
              "skipped": false
            }
          ],
          "suites": [],
          "passes": [
            "a39bf821-2d1d-4736-847a-52faa3a7cfb2",
            "f86c489d-6f88-4080-b92d-2aa0c0b56358",
            "488bca91-5c86-4d70-b77b-031985da8c1e",
            "db44e409-9953-4dac-984b-823891b369ee",
            "73f1a14d-f55b-4e3b-a701-3b9c25b2a399",
            "f4a4ef81-7dcb-4460-91de-3036b0dd86f4"
          ],
          "failures": [],
          "pending": [],
          "skipped": [],
          "duration": 15537,
          "root": false,
          "rootEmpty": false,
          "_timeout": 2000
        }
      ],
      "passes": [],
      "failures": [],
      "pending": [],
      "skipped": [],
      "duration": 0,
      "root": true,
      "rootEmpty": true,
      "_timeout": 2000
    },
    {
      "uuid": "c53647c1-7c70-4c11-a208-a2478036876f",
      "title": "",
      "fullFile": "cypress/integration/tests/vet_consultas.js",
      "file": "cypress/integration/tests/vet_consultas.js",
      "beforeHooks": [],
      "afterHooks": [],
      "tests": [],
      "suites": [
        {
          "uuid": "a6d5210d-7423-4883-8bda-086edd70c6db",
          "title": "Caso de Teste: Verificar que as páginas do site do ConectePet estão funcionando e apresentam o contéudo correto.",
          "fullFile": "",
          "file": "",
          "beforeHooks": [],
          "afterHooks": [],
          "tests": [
            {
              "title": "Cenário: Testar registro e exclusão de consulta. ",
              "fullTitle": "Caso de Teste: Verificar que as páginas do site do ConectePet estão funcionando e apresentam o contéudo correto. Cenário: Testar registro e exclusão de consulta. ",
              "timedOut": null,
              "duration": 21475,
              "state": "passed",
              "speed": "slow",
              "pass": true,
              "fail": false,
              "pending": false,
              "context": null,
              "code": "cy.visit('http://localhost:3000/');\ncy.get('#textfield-email').clear();\ncy.get('#textfield-senha').clear();\ncy.get('#textfield-email').type(userMail);\ncy.get('#textfield-senha').type(userPass);\ncy.get('#button-entrar').click();\ncy.get('#menu-consultas').click();\ncy.get('#button-agendar-consulta').click();\ncy.get('#email').type('jon@gmail.com');\ncy.get('#search').click();\ncy.get('#snackbar').should('contain.text', petMessage);\ncy.get('#pet').click();\ncy.get('#menu-pet > .MuiPaper-root > .MuiList-root > [tabindex=\"0\"]').click();\ncy.get('.MuiButton-containedPrimary').click();\ncy.get('#snackbar').should('contain.text', successMessage);\ncy.get('.MuiButton-containedSecondary').click();\ncy.get('#pet-nome-0').should('contain.text', 'Garfield');\ncy.get('#button-excluir-0').click();\ncy.get('#button-confirmar').click();\ncy.get('#sem-consulta').should('contain.text', 'Nenhuma consulta encontrada!');",
              "err": {},
              "uuid": "be71d692-d211-4090-88e9-58354dcffb25",
              "parentUUID": "a6d5210d-7423-4883-8bda-086edd70c6db",
              "isHook": false,
              "skipped": false
            }
          ],
          "suites": [],
          "passes": [
            "be71d692-d211-4090-88e9-58354dcffb25"
          ],
          "failures": [],
          "pending": [],
          "skipped": [],
          "duration": 21475,
          "root": false,
          "rootEmpty": false,
          "_timeout": 2000
        }
      ],
      "passes": [],
      "failures": [],
      "pending": [],
      "skipped": [],
      "duration": 0,
      "root": true,
      "rootEmpty": true,
      "_timeout": 2000
    },
    {
      "uuid": "b7446ff5-e309-4134-b91f-521c727e017b",
      "title": "",
      "fullFile": "cypress/integration/tests/vet_vacinas.js",
      "file": "cypress/integration/tests/vet_vacinas.js",
      "beforeHooks": [],
      "afterHooks": [],
      "tests": [],
      "suites": [
        {
          "uuid": "74e659fd-dcb9-477e-8fa2-3de78056dae6",
          "title": "Caso de Teste: Verificar que as páginas do site do ConectePet estão funcionando e apresentam o contéudo correto.",
          "fullFile": "",
          "file": "",
          "beforeHooks": [],
          "afterHooks": [],
          "tests": [
            {
              "title": "Cenário: Testar registro e exclusão de vacina. ",
              "fullTitle": "Caso de Teste: Verificar que as páginas do site do ConectePet estão funcionando e apresentam o contéudo correto. Cenário: Testar registro e exclusão de vacina. ",
              "timedOut": null,
              "duration": 20543,
              "state": "passed",
              "speed": "slow",
              "pass": true,
              "fail": false,
              "pending": false,
              "context": null,
              "code": "cy.visit('http://localhost:3000/');\ncy.get('#textfield-email').clear();\ncy.get('#textfield-senha').clear();\ncy.get('#textfield-email').type(userMail);\ncy.get('#textfield-senha').type(userPass);\ncy.get('#button-entrar').click();\ncy.get('#button-registrar-vacina').click();\ncy.get('#email').type('jon@gmail.com');\ncy.get('#search').click();\ncy.get('#snackbar').should('contain.text', petMessage);\ncy.get('#pet').click();\ncy.get('#menu-pet > .MuiPaper-root > .MuiList-root > [tabindex=\"0\"]').click();\ncy.get('#vacina').type('Polivalente');\ncy.get('#fabricante').type('Pfizer');\ncy.get('.MuiButton-containedPrimary').click();\ncy.get('#snackbar').should('contain.text', successMessage);\ncy.get('.MuiButton-containedSecondary').click();\ncy.get('#cell-vacina-0').should('contain.text', 'Polivalente');\ncy.get('#button-excluir-0').click();\ncy.get('#button-confirmar').click();\ncy.get('#no-vaccine').should('contain.text', 'Nenhuma vacina encontrada!');",
              "err": {},
              "uuid": "3702f227-e4d7-4d38-b693-3c724d1d4fa9",
              "parentUUID": "74e659fd-dcb9-477e-8fa2-3de78056dae6",
              "isHook": false,
              "skipped": false
            },
            {
              "title": "Cenário: Testar pet não encontrado durante registro de vacina. ",
              "fullTitle": "Caso de Teste: Verificar que as páginas do site do ConectePet estão funcionando e apresentam o contéudo correto. Cenário: Testar pet não encontrado durante registro de vacina. ",
              "timedOut": null,
              "duration": 6927,
              "state": "passed",
              "speed": "slow",
              "pass": true,
              "fail": false,
              "pending": false,
              "context": null,
              "code": "cy.visit('http://localhost:3000/');\ncy.get('#textfield-email').clear();\ncy.get('#textfield-senha').clear();\ncy.get('#textfield-email').type(userMail);\ncy.get('#textfield-senha').type(userPass);\ncy.get('#button-entrar').click();\ncy.get('#button-registrar-vacina').click();\ncy.get('#email').type('jon1@gmail.com');\ncy.get('#search').click();\ncy.get('#snackbar').should('contain.text', noPetMessage);",
              "err": {},
              "uuid": "8c1c9dff-59e3-4b22-8a1e-6e22c1d3d92e",
              "parentUUID": "74e659fd-dcb9-477e-8fa2-3de78056dae6",
              "isHook": false,
              "skipped": false
            }
          ],
          "suites": [],
          "passes": [
            "3702f227-e4d7-4d38-b693-3c724d1d4fa9",
            "8c1c9dff-59e3-4b22-8a1e-6e22c1d3d92e"
          ],
          "failures": [],
          "pending": [],
          "skipped": [],
          "duration": 27470,
          "root": false,
          "rootEmpty": false,
          "_timeout": 2000
        }
      ],
      "passes": [],
      "failures": [],
      "pending": [],
      "skipped": [],
      "duration": 0,
      "root": true,
      "rootEmpty": true,
      "_timeout": 2000
    },
    {
      "uuid": "4e17f350-02bb-48a9-901b-d44618477050",
      "title": "",
      "fullFile": "cypress/integration/tests/cadastro_usuario.js",
      "file": "cypress/integration/tests/cadastro_usuario.js",
      "beforeHooks": [],
      "afterHooks": [],
      "tests": [],
      "suites": [
        {
          "uuid": "e1ba6aca-9cf2-4abd-be5f-ae049dfe7aa9",
          "title": "Caso de Teste: Verificar que as páginas do site do ConectePet estão funcionando e apresentam o contéudo correto.",
          "fullFile": "",
          "file": "",
          "beforeHooks": [],
          "afterHooks": [],
          "tests": [
            {
              "title": "Cenário: Testar registro de usuário. ",
              "fullTitle": "Caso de Teste: Verificar que as páginas do site do ConectePet estão funcionando e apresentam o contéudo correto. Cenário: Testar registro de usuário. ",
              "timedOut": null,
              "duration": 21766,
              "state": "passed",
              "speed": "slow",
              "pass": true,
              "fail": false,
              "pending": false,
              "context": null,
              "code": "cy.visit('http://localhost:3000/');\ncy.get('#button-cadastrar').click();\ncy.get('.MuiToolbar-root > .MuiTypography-root').should('contain.text', 'Cadastrar Usuário');\ncy.get('#nome').clear();\ncy.get('#telefone').clear();\ncy.get('#email').clear();\ncy.get('#senha').clear();\ncy.get('#nome').type(userName);\ncy.get('#telefone').type(userPhone);\ncy.get('#email').type(userMail);\ncy.get('#senha').type(userPass);\ncy.get('.makeStyles-buttonContained-20').click();\ncy.get('.makeStyles-success-36').should('contain.text', successMessage);\ncy.get('.makeStyles-buttonContainedC-21').click();\ncy.get('#textfield-email').clear();\ncy.get('#textfield-senha').clear();\ncy.get('#textfield-email').type(userMail);\ncy.get('#textfield-senha').type(userPass);\ncy.get('#button-entrar').click();\ncy.get('.makeStyles-titulo-61').should('contain.text', 'Pets cadastrados');",
              "err": {},
              "uuid": "1fa660d3-8c2c-4733-afc4-94890dafd47c",
              "parentUUID": "e1ba6aca-9cf2-4abd-be5f-ae049dfe7aa9",
              "isHook": false,
              "skipped": false
            }
          ],
          "suites": [],
          "passes": [
            "1fa660d3-8c2c-4733-afc4-94890dafd47c"
          ],
          "failures": [],
          "pending": [],
          "skipped": [],
          "duration": 21766,
          "root": false,
          "rootEmpty": false,
          "_timeout": 2000
        }
      ],
      "passes": [],
      "failures": [],
      "pending": [],
      "skipped": [],
      "duration": 0,
      "root": true,
      "rootEmpty": true,
      "_timeout": 2000
    }
  ],
  "meta": {
    "mocha": {
      "version": "7.0.1"
    },
    "mochawesome": {
      "options": {
        "quiet": false,
        "reportFilename": "mochawesome",
        "saveHtml": false,
        "saveJson": true,
        "consoleReporter": "spec",
        "useInlineDiffs": false,
        "code": true
      },
      "version": "6.2.2"
    },
    "marge": {
      "options": {
        "overwrite": false,
        "html": false,
        "json": true
      },
      "version": "5.2.0"
    }
  }
}