{
  "stats": {
    "suites": 1,
    "tests": 6,
    "passes": 6,
    "pending": 0,
    "failures": 0,
    "start": "2021-05-30T17:59:41.073Z",
    "end": "2021-05-30T17:59:59.613Z",
    "duration": 18540,
    "testsRegistered": 6,
    "passPercent": 100,
    "pendingPercent": 0,
    "other": 0,
    "hasOther": false,
    "skipped": 0,
    "hasSkipped": false
  },
  "results": [
    {
      "uuid": "dd4546d7-a18b-411d-900d-224ece3f2c6b",
      "title": "",
      "fullFile": "cypress/integration/tests/login.js",
      "file": "cypress/integration/tests/login.js",
      "beforeHooks": [],
      "afterHooks": [],
      "tests": [],
      "suites": [
        {
          "uuid": "8367f0f2-7b51-4ab6-85eb-3aec8b4fd58e",
          "title": "Caso de Teste: Verificar que as páginas do site do ConectePet estão funcionando e apresentam o contéudo correto.",
          "fullFile": "",
          "file": "",
          "beforeHooks": [],
          "afterHooks": [],
          "tests": [
            {
              "title": "Cenário: Entrar no site do ConectePet",
              "fullTitle": "Caso de Teste: Verificar que as páginas do site do ConectePet estão funcionando e apresentam o contéudo correto. Cenário: Entrar no site do ConectePet",
              "timedOut": null,
              "duration": 4046,
              "state": "passed",
              "speed": "slow",
              "pass": true,
              "fail": false,
              "pending": false,
              "context": null,
              "code": "cy.visit('http://localhost:3000/');\ncy.get('.makeStyles-titulo-11').should('contain.text', 'Login');",
              "err": {},
              "uuid": "a39bf821-2d1d-4736-847a-52faa3a7cfb2",
              "parentUUID": "8367f0f2-7b51-4ab6-85eb-3aec8b4fd58e",
              "isHook": false,
              "skipped": false
            },
            {
              "title": "Cenário: Testar o form com valores de E-mail e Senha válidos. ",
              "fullTitle": "Caso de Teste: Verificar que as páginas do site do ConectePet estão funcionando e apresentam o contéudo correto. Cenário: Testar o form com valores de E-mail e Senha válidos. ",
              "timedOut": null,
              "duration": 4325,
              "state": "passed",
              "speed": "slow",
              "pass": true,
              "fail": false,
              "pending": false,
              "context": null,
              "code": "cy.visit('http://localhost:3000/');\ncy.get('#textfield-email').clear();\ncy.get('#textfield-senha').clear();\ncy.get('#textfield-email').type(userMail);\ncy.get('#textfield-senha').type(userPass);\ncy.get('#button-entrar').click();\ncy.get('#username').should('contain.text', userName);",
              "err": {},
              "uuid": "f86c489d-6f88-4080-b92d-2aa0c0b56358",
              "parentUUID": "8367f0f2-7b51-4ab6-85eb-3aec8b4fd58e",
              "isHook": false,
              "skipped": false
            },
            {
              "title": "Cenário: Testar o form com valores de E-mail e Senha incorreta. ",
              "fullTitle": "Caso de Teste: Verificar que as páginas do site do ConectePet estão funcionando e apresentam o contéudo correto. Cenário: Testar o form com valores de E-mail e Senha incorreta. ",
              "timedOut": null,
              "duration": 2720,
              "state": "passed",
              "speed": "slow",
              "pass": true,
              "fail": false,
              "pending": false,
              "context": null,
              "code": "cy.visit('http://localhost:3000/');\ncy.get('#textfield-email').clear();\ncy.get('#textfield-senha').clear();\ncy.get('#textfield-email').type(userMail);\ncy.get('#textfield-senha').type(wrongPass);\ncy.get('#button-entrar').click();\ncy.get('#snackbar').should('contain.text', errorMessage);",
              "err": {},
              "uuid": "488bca91-5c86-4d70-b77b-031985da8c1e",
              "parentUUID": "8367f0f2-7b51-4ab6-85eb-3aec8b4fd58e",
              "isHook": false,
              "skipped": false
            },
            {
              "title": "Cenário: Testar o form com valores de E-mail e Senha vazios. ",
              "fullTitle": "Caso de Teste: Verificar que as páginas do site do ConectePet estão funcionando e apresentam o contéudo correto. Cenário: Testar o form com valores de E-mail e Senha vazios. ",
              "timedOut": null,
              "duration": 1501,
              "state": "passed",
              "speed": "slow",
              "pass": true,
              "fail": false,
              "pending": false,
              "context": null,
              "code": "cy.visit('http://localhost:3000/');\ncy.get('#textfield-email').clear();\ncy.get('#textfield-senha').clear();\ncy.get('#button-entrar').click();\ncy.get('#textfield-email-helper-text > .MuiFormHelperText-root').should('contain.text', requiredMessage);\ncy.get('#textfield-senha-helper-text > .MuiFormHelperText-root').should('contain.text', requiredMessage);",
              "err": {},
              "uuid": "db44e409-9953-4dac-984b-823891b369ee",
              "parentUUID": "8367f0f2-7b51-4ab6-85eb-3aec8b4fd58e",
              "isHook": false,
              "skipped": false
            },
            {
              "title": "Cenário: Testar o form com valores de E-mail inválido e Senha. ",
              "fullTitle": "Caso de Teste: Verificar que as páginas do site do ConectePet estão funcionando e apresentam o contéudo correto. Cenário: Testar o form com valores de E-mail inválido e Senha. ",
              "timedOut": null,
              "duration": 1994,
              "state": "passed",
              "speed": "slow",
              "pass": true,
              "fail": false,
              "pending": false,
              "context": null,
              "code": "cy.visit('http://localhost:3000/');\ncy.get('#textfield-email').clear();\ncy.get('#textfield-senha').clear();\ncy.get('#textfield-email').type(wrongMail);\ncy.get('#textfield-senha').type(userPass);\ncy.get('#button-entrar').click();\ncy.get('#textfield-email-helper-text > .MuiFormHelperText-root').should('contain.text', invalidEmailMessage);",
              "err": {},
              "uuid": "73f1a14d-f55b-4e3b-a701-3b9c25b2a399",
              "parentUUID": "8367f0f2-7b51-4ab6-85eb-3aec8b4fd58e",
              "isHook": false,
              "skipped": false
            },
            {
              "title": "Cenário: Testar clicar no botão Cadastrar. ",
              "fullTitle": "Caso de Teste: Verificar que as páginas do site do ConectePet estão funcionando e apresentam o contéudo correto. Cenário: Testar clicar no botão Cadastrar. ",
              "timedOut": null,
              "duration": 951,
              "state": "passed",
              "speed": "slow",
              "pass": true,
              "fail": false,
              "pending": false,
              "context": null,
              "code": "cy.visit('http://localhost:3000/');\ncy.get('#button-cadastrar').click();\ncy.get('.MuiToolbar-root > .MuiTypography-root').should('contain.text', 'Cadastrar Usuário');",
              "err": {},
              "uuid": "f4a4ef81-7dcb-4460-91de-3036b0dd86f4",
              "parentUUID": "8367f0f2-7b51-4ab6-85eb-3aec8b4fd58e",
              "isHook": false,
              "skipped": false
            }
          ],
          "suites": [],
          "passes": [
            "a39bf821-2d1d-4736-847a-52faa3a7cfb2",
            "f86c489d-6f88-4080-b92d-2aa0c0b56358",
            "488bca91-5c86-4d70-b77b-031985da8c1e",
            "db44e409-9953-4dac-984b-823891b369ee",
            "73f1a14d-f55b-4e3b-a701-3b9c25b2a399",
            "f4a4ef81-7dcb-4460-91de-3036b0dd86f4"
          ],
          "failures": [],
          "pending": [],
          "skipped": [],
          "duration": 15537,
          "root": false,
          "rootEmpty": false,
          "_timeout": 2000
        }
      ],
      "passes": [],
      "failures": [],
      "pending": [],
      "skipped": [],
      "duration": 0,
      "root": true,
      "rootEmpty": true,
      "_timeout": 2000
    }
  ],
  "meta": {
    "mocha": {
      "version": "7.0.1"
    },
    "mochawesome": {
      "options": {
        "quiet": false,
        "reportFilename": "mochawesome",
        "saveHtml": false,
        "saveJson": true,
        "consoleReporter": "spec",
        "useInlineDiffs": false,
        "code": true
      },
      "version": "6.2.2"
    },
    "marge": {
      "options": {
        "overwrite": false,
        "html": false,
        "json": true
      },
      "version": "5.2.0"
    }
  }
}