{
  "stats": {
    "suites": 1,
    "tests": 1,
    "passes": 1,
    "pending": 0,
    "failures": 0,
    "start": "2021-05-30T17:58:28.620Z",
    "end": "2021-05-30T17:58:59.318Z",
    "duration": 30698,
    "testsRegistered": 1,
    "passPercent": 100,
    "pendingPercent": 0,
    "other": 0,
    "hasOther": false,
    "skipped": 0,
    "hasSkipped": false
  },
  "results": [
    {
      "uuid": "4e17f350-02bb-48a9-901b-d44618477050",
      "title": "",
      "fullFile": "cypress/integration/tests/cadastro_usuario.js",
      "file": "cypress/integration/tests/cadastro_usuario.js",
      "beforeHooks": [],
      "afterHooks": [],
      "tests": [],
      "suites": [
        {
          "uuid": "e1ba6aca-9cf2-4abd-be5f-ae049dfe7aa9",
          "title": "Caso de Teste: Verificar que as páginas do site do ConectePet estão funcionando e apresentam o contéudo correto.",
          "fullFile": "",
          "file": "",
          "beforeHooks": [],
          "afterHooks": [],
          "tests": [
            {
              "title": "Cenário: Testar registro de usuário. ",
              "fullTitle": "Caso de Teste: Verificar que as páginas do site do ConectePet estão funcionando e apresentam o contéudo correto. Cenário: Testar registro de usuário. ",
              "timedOut": null,
              "duration": 21766,
              "state": "passed",
              "speed": "slow",
              "pass": true,
              "fail": false,
              "pending": false,
              "context": null,
              "code": "cy.visit('http://localhost:3000/');\ncy.get('#button-cadastrar').click();\ncy.get('.MuiToolbar-root > .MuiTypography-root').should('contain.text', 'Cadastrar Usuário');\ncy.get('#nome').clear();\ncy.get('#telefone').clear();\ncy.get('#email').clear();\ncy.get('#senha').clear();\ncy.get('#nome').type(userName);\ncy.get('#telefone').type(userPhone);\ncy.get('#email').type(userMail);\ncy.get('#senha').type(userPass);\ncy.get('.makeStyles-buttonContained-20').click();\ncy.get('.makeStyles-success-36').should('contain.text', successMessage);\ncy.get('.makeStyles-buttonContainedC-21').click();\ncy.get('#textfield-email').clear();\ncy.get('#textfield-senha').clear();\ncy.get('#textfield-email').type(userMail);\ncy.get('#textfield-senha').type(userPass);\ncy.get('#button-entrar').click();\ncy.get('.makeStyles-titulo-61').should('contain.text', 'Pets cadastrados');",
              "err": {},
              "uuid": "1fa660d3-8c2c-4733-afc4-94890dafd47c",
              "parentUUID": "e1ba6aca-9cf2-4abd-be5f-ae049dfe7aa9",
              "isHook": false,
              "skipped": false
            }
          ],
          "suites": [],
          "passes": [
            "1fa660d3-8c2c-4733-afc4-94890dafd47c"
          ],
          "failures": [],
          "pending": [],
          "skipped": [],
          "duration": 21766,
          "root": false,
          "rootEmpty": false,
          "_timeout": 2000
        }
      ],
      "passes": [],
      "failures": [],
      "pending": [],
      "skipped": [],
      "duration": 0,
      "root": true,
      "rootEmpty": true,
      "_timeout": 2000
    }
  ],
  "meta": {
    "mocha": {
      "version": "7.0.1"
    },
    "mochawesome": {
      "options": {
        "quiet": false,
        "reportFilename": "mochawesome",
        "saveHtml": false,
        "saveJson": true,
        "consoleReporter": "spec",
        "useInlineDiffs": false,
        "code": true
      },
      "version": "6.2.2"
    },
    "marge": {
      "options": {
        "overwrite": false,
        "html": false,
        "json": true
      },
      "version": "5.2.0"
    }
  }
}