{
  "stats": {
    "suites": 1,
    "tests": 2,
    "passes": 2,
    "pending": 0,
    "failures": 0,
    "start": "2021-05-17T21:20:18.933Z",
    "end": "2021-05-17T21:20:45.995Z",
    "duration": 27062,
    "testsRegistered": 2,
    "passPercent": 100,
    "pendingPercent": 0,
    "other": 0,
    "hasOther": false,
    "skipped": 0,
    "hasSkipped": false
  },
  "results": [
    {
      "uuid": "ba8e56e2-595d-4b58-83df-05ce370d5dc8",
      "title": "",
      "fullFile": "cypress/integration/tests/vet_vacinas.js",
      "file": "cypress/integration/tests/vet_vacinas.js",
      "beforeHooks": [],
      "afterHooks": [],
      "tests": [],
      "suites": [
        {
          "uuid": "69070755-139c-4f13-aebd-a69b20cf6120",
          "title": "Caso de Teste: Verificar que as páginas do site do ConectePet estão funcionando e apresentam o contéudo correto.",
          "fullFile": "",
          "file": "",
          "beforeHooks": [],
          "afterHooks": [],
          "tests": [
            {
              "title": "Cenário: Testar registro e exclusão de vacina. ",
              "fullTitle": "Caso de Teste: Verificar que as páginas do site do ConectePet estão funcionando e apresentam o contéudo correto. Cenário: Testar registro e exclusão de vacina. ",
              "timedOut": null,
              "duration": 18177,
              "state": "passed",
              "speed": "slow",
              "pass": true,
              "fail": false,
              "pending": false,
              "context": null,
              "code": "cy.visit('http://localhost:3000/');\ncy.get('#textfield-email').clear();\ncy.get('#textfield-senha').clear();\ncy.get('#textfield-email').type(userMail);\ncy.get('#textfield-senha').type(userPass);\ncy.get('#button-entrar').click();\ncy.get('#button-registrar-vacina').click();\ncy.get('#email').type('jon@gmail.com');\ncy.get('#search').click();\ncy.get('#snackbar').should('contain.text', petMessage);\ncy.get('#pet').click();\ncy.get('#menu-pet > .MuiPaper-root > .MuiList-root > [tabindex=\"0\"]').click();\ncy.get('#vacina').type('Polivalente');\ncy.get('#fabricante').type('Pfizer');\ncy.get('.MuiButton-containedPrimary').click();\ncy.get('#snackbar').should('contain.text', successMessage);\ncy.get('.MuiButton-containedSecondary').click();\ncy.get('#cell-vacina-0').should('contain.text', 'Polivalente');\ncy.get('#button-excluir-0').click();\ncy.get('#button-confirmar').click();\ncy.get('#no-vaccine').should('contain.text', 'Nenhuma vacina encontrada!');",
              "err": {},
              "uuid": "776ead11-5840-4ede-ad8d-3ad24fec0bc7",
              "parentUUID": "69070755-139c-4f13-aebd-a69b20cf6120",
              "isHook": false,
              "skipped": false
            },
            {
              "title": "Cenário: Testar pet não encontrado durante registro de vacina. ",
              "fullTitle": "Caso de Teste: Verificar que as páginas do site do ConectePet estão funcionando e apresentam o contéudo correto. Cenário: Testar pet não encontrado durante registro de vacina. ",
              "timedOut": null,
              "duration": 6361,
              "state": "passed",
              "speed": "slow",
              "pass": true,
              "fail": false,
              "pending": false,
              "context": null,
              "code": "cy.visit('http://localhost:3000/');\ncy.get('#textfield-email').clear();\ncy.get('#textfield-senha').clear();\ncy.get('#textfield-email').type(userMail);\ncy.get('#textfield-senha').type(userPass);\ncy.get('#button-entrar').click();\ncy.get('#button-registrar-vacina').click();\ncy.get('#email').type('jon1@gmail.com');\ncy.get('#search').click();\ncy.get('#snackbar').should('contain.text', noPetMessage);",
              "err": {},
              "uuid": "fa0b6efe-e579-4032-a6ea-8c7f6e723255",
              "parentUUID": "69070755-139c-4f13-aebd-a69b20cf6120",
              "isHook": false,
              "skipped": false
            }
          ],
          "suites": [],
          "passes": [
            "776ead11-5840-4ede-ad8d-3ad24fec0bc7",
            "fa0b6efe-e579-4032-a6ea-8c7f6e723255"
          ],
          "failures": [],
          "pending": [],
          "skipped": [],
          "duration": 24538,
          "root": false,
          "rootEmpty": false,
          "_timeout": 2000
        }
      ],
      "passes": [],
      "failures": [],
      "pending": [],
      "skipped": [],
      "duration": 0,
      "root": true,
      "rootEmpty": true,
      "_timeout": 2000
    }
  ],
  "meta": {
    "mocha": {
      "version": "7.0.1"
    },
    "mochawesome": {
      "options": {
        "quiet": false,
        "reportFilename": "mochawesome",
        "saveHtml": false,
        "saveJson": true,
        "consoleReporter": "spec",
        "useInlineDiffs": false,
        "code": true
      },
      "version": "6.2.2"
    },
    "marge": {
      "options": {
        "overwrite": false,
        "html": false,
        "json": true
      },
      "version": "5.2.0"
    }
  }
}